================start on port 3001==================
[0mGET / [36m304 [0m9.974 ms - -[0m
[0mGET /src/default.css [36m304 [0m2.641 ms - -[0m
[0mGET /src/jquery.min.js [36m304 [0m1.225 ms - -[0m
[0mGET /src/jscex.min.js [36m304 [0m1.406 ms - -[0m
[0mGET /src/jscex-builderbase.min.js [36m304 [0m0.996 ms - -[0m
[0mGET /src/jscex-jit.js [36m304 [0m0.882 ms - -[0m
[0mGET /src/jscex-parser.js [36m304 [0m0.863 ms - -[0m
[0mGET /src/jscex-async.min.js [36m304 [0m0.205 ms - -[0m
[0mGET /src/jscex-async-powerpack.min.js [36m304 [0m0.241 ms - -[0m
[0mGET /src/functions.js [36m304 [0m0.435 ms - -[0m
[0mGET /src/love.js [36m304 [0m0.539 ms - -[0m
[0mGET / [36m304 [0m2.146 ms - -[0m
[0mGET /src/default.css [36m304 [0m0.468 ms - -[0m
[0mGET /src/jscex.min.js [36m304 [0m2.507 ms - -[0m
[0mGET /src/jquery.min.js [36m304 [0m1.666 ms - -[0m
[0mGET /src/jscex-parser.js [36m304 [0m1.728 ms - -[0m
[0mGET /src/jscex-builderbase.min.js [36m304 [0m1.786 ms - -[0m
[0mGET /src/jscex-jit.js [36m304 [0m1.851 ms - -[0m
[0mGET /src/jscex-async.min.js [36m304 [0m1.916 ms - -[0m
[0mGET /src/jscex-async-powerpack.min.js [36m304 [0m0.226 ms - -[0m
[0mGET /src/functions.js [36m304 [0m0.203 ms - -[0m
[0mGET /src/love.js [36m304 [0m0.395 ms - -[0m
[0mGET / [36m304 [0m1.248 ms - -[0m
[0mGET /src/jquery.min.js [36m304 [0m2.598 ms - -[0m
[0mGET /src/default.css [36m304 [0m1.390 ms - -[0m
[0mGET /src/jscex.min.js [36m304 [0m0.746 ms - -[0m
[0mGET /src/jscex-parser.js [36m304 [0m0.940 ms - -[0m
[0mGET /src/jscex-jit.js [36m304 [0m0.978 ms - -[0m
[0mGET /src/jscex-builderbase.min.js [36m304 [0m0.786 ms - -[0m
[0mGET /src/jscex-async.min.js [36m304 [0m0.207 ms - -[0m
[0mGET /src/jscex-async-powerpack.min.js [36m304 [0m1.420 ms - -[0m
[0mGET /src/love.js [36m304 [0m0.760 ms - -[0m
[0mGET /src/functions.js [36m304 [0m0.461 ms - -[0m
[0mGET / [36m304 [0m2.452 ms - -[0m
[0mGET /src/default.css [36m304 [0m0.411 ms - -[0m
[0mGET /src/jquery.min.js [36m304 [0m0.329 ms - -[0m
[0mGET /src/jscex.min.js [36m304 [0m0.215 ms - -[0m
[0mGET /src/jscex-parser.js [36m304 [0m0.236 ms - -[0m
[0mGET /src/jscex-async.min.js [36m304 [0m0.925 ms - -[0m
[0mGET /src/jscex-async-powerpack.min.js [36m304 [0m0.923 ms - -[0m
[0mGET /src/jscex-builderbase.min.js [36m304 [0m0.512 ms - -[0m
[0mGET /src/jscex-jit.js [36m304 [0m7.073 ms - -[0m
[0mGET /src/functions.js [36m304 [0m0.795 ms - -[0m
[0mGET /src/love.js [36m304 [0m0.251 ms - -[0m
[0mGET / [36m304 [0m1.678 ms - -[0m
[0mGET /src/default.css [36m304 [0m0.791 ms - -[0m
[0mGET /src/jquery.min.js [36m304 [0m0.230 ms - -[0m
[0mGET /src/jscex.min.js [36m304 [0m0.244 ms - -[0m
[0mGET /src/jscex-builderbase.min.js [36m304 [0m0.415 ms - -[0m
[0mGET /src/jscex-parser.js [36m304 [0m0.279 ms - -[0m
[0mGET /src/jscex-jit.js [36m304 [0m0.199 ms - -[0m
[0mGET /src/jscex-async-powerpack.min.js [36m304 [0m0.686 ms - -[0m
[0mGET /src/jscex-async.min.js [36m304 [0m0.235 ms - -[0m
[0mGET /src/functions.js [36m304 [0m0.216 ms - -[0m
[0mGET /src/love.js [36m304 [0m0.574 ms - -[0m
[0mGET / [32m200 [0m1.554 ms - 8370[0m
[0mGET / [32m200 [0m1.882 ms - 8370[0m
[0mGET /src/default.css [36m304 [0m0.377 ms - -[0m
[0mGET / [32m200 [0m1.714 ms - 8370[0m
[0mGET / [32m200 [0m1.813 ms - 8370[0m
[0mGET / [32m200 [0m1.623 ms - 8370[0m
[0mGET /src/default.css [32m200 [0m7.219 ms - 767[0m
[0mGET /src/jscex-parser.js [32m200 [0m9.456 ms - 53142[0m
[0mGET /src/jquery.min.js [32m200 [0m6.477 ms - 93868[0m
[0mGET /src/jscex.min.js [32m200 [0m13.164 ms - 880[0m
[0mGET /src/jscex-builderbase.min.js [32m200 [0m7.356 ms - 2048[0m
[0mGET /src/jscex-jit.js [32m200 [0m7.437 ms - 50237[0m
[0mGET /src/jscex-async.min.js [32m200 [0m6.237 ms - 4021[0m
[0mGET /src/jscex-async-powerpack.min.js [32m200 [0m4.085 ms - 3750[0m
[0mGET /src/functions.js [32m200 [0m4.140 ms - 1714[0m
[0mGET /src/love.js [32m200 [0m4.066 ms - 17064[0m
[0mGET /favicon.ico [32m200 [0m1.008 ms - -[0m
[0mGET /src/jscex.min.js [32m200 [0m1.124 ms - 880[0m
[0mGET /src/jquery.min.js [32m200 [0m1.060 ms - 93868[0m
[0mGET /src/jscex-async.min.js [32m200 [0m4.213 ms - 4021[0m
[0mGET /src/love.js [32m200 [0m5.056 ms - 17064[0m
[0mGET /src/functions.js [32m200 [0m5.265 ms - 1714[0m
[0mGET /src/jscex-builderbase.min.js [32m200 [0m5.161 ms - 2048[0m
[0mGET /src/jscex-async-powerpack.min.js [32m200 [0m5.150 ms - 3750[0m
[0mGET /src/jscex-jit.js [32m200 [0m4.847 ms - 50237[0m
[0mGET /src/jscex-parser.js [32m200 [0m4.816 ms - 53142[0m
[0mGET / [32m200 [0m1.813 ms - 8370[0m
[0mGET /src/default.css [32m200 [0m0.778 ms - 767[0m
[0mGET /src/jquery.min.js [32m200 [0m1.607 ms - 93868[0m
[0mGET /src/jscex.min.js [32m200 [0m1.554 ms - 880[0m
[0mGET /src/jscex-async-powerpack.min.js [32m200 [0m0.339 ms - 3750[0m
[0mGET /src/functions.js [32m200 [0m0.379 ms - 1714[0m
[0mGET /src/love.js [32m200 [0m0.320 ms - 17064[0m
[0mGET /src/jscex-parser.js [32m200 [0m0.681 ms - 53142[0m
[0mGET /src/jscex-jit.js [32m200 [0m0.669 ms - 50237[0m
[0mGET /src/jscex-builderbase.min.js [32m200 [0m0.599 ms - 2048[0m
[0mGET /src/jscex-async.min.js [32m200 [0m0.906 ms - 4021[0m
[0mGET /src/Love.mp3 [32m206 [0m1.399 ms - 2[0m
[0mGET /src/jquery.min.js [32m200 [0m0.691 ms - 93868[0m
[0mGET /src/jscex.min.js [32m200 [0m0.333 ms - 880[0m
[0mGET /src/Love.mp3 [32m206 [0m0.681 ms - 3815176[0m
[0mGET /src/jscex-async.min.js [32m200 [0m4.124 ms - 4021[0m
[0mGET /src/jscex-async-powerpack.min.js [32m200 [0m4.055 ms - 3750[0m
[0mGET /src/jscex-builderbase.min.js [32m200 [0m3.861 ms - 2048[0m
[0mGET /src/love.js [32m200 [0m3.965 ms - 17064[0m
[0mGET /src/functions.js [32m200 [0m4.174 ms - 1714[0m
[0mGET /src/jscex-parser.js [32m200 [0m4.434 ms - 53142[0m
[0mGET /src/jscex-jit.js [32m200 [0m4.101 ms - 50237[0m
[0mGET /?plg_nld=1&plg_uin=1&plg_auth=1&plg_nld=1&plg_usr=1&plg_vkey=1&plg_dev=1 [32m200 [0m1.760 ms - 8370[0m
[0mGET /src/jscex-jit.js [32m200 [0m2.760 ms - 50237[0m
[0mGET /src/jscex-builderbase.min.js [32m200 [0m6.414 ms - 2048[0m
[0mGET /src/jscex-parser.js [32m200 [0m3.623 ms - 53142[0m
[0mGET /src/jscex.min.js [32m200 [0m3.955 ms - 880[0m
[0mGET /src/default.css [32m200 [0m4.108 ms - 767[0m
[0mGET /src/jquery.min.js [32m200 [0m7.275 ms - 93868[0m
[0mGET /src/jscex-async.min.js [32m200 [0m0.541 ms - 4021[0m
[0mGET /src/functions.js [32m200 [0m0.673 ms - 1714[0m
[0mGET /src/jscex-async-powerpack.min.js [32m200 [0m0.535 ms - 3750[0m
[0mGET /src/love.js [32m200 [0m0.550 ms - 17064[0m
[0mGET /src/Love.mp3 [32m206 [0m0.711 ms - 2[0m
[0mGET /src/Love.mp3 [32m206 [0m2.629 ms - 3815176[0m
[0mGET /src/Love.mp3 [32m206 [0m1.115 ms - 3264610[0m
[0mGET / [32m200 [0m1.499 ms - 8370[0m
[0mOPTIONS / [32m200 [0m0.624 ms - 8[0m
[0mGET /nice%20ports%2C/Tri%6Eity.txt%2ebak [32m200 [0m0.784 ms - -[0m
[0mGET /?plg_nld=1&plg_uin=1&plg_auth=1&plg_nld=1&plg_usr=1&plg_vkey=1&plg_dev=1 [32m200 [0m1.251 ms - 8370[0m
[0mGET /src/default.css [32m200 [0m2.768 ms - 767[0m
[0mGET /src/jscex.min.js [32m200 [0m2.799 ms - 880[0m
[0mGET /src/jscex-jit.js [32m200 [0m2.937 ms - 50237[0m
[0mGET /src/jscex-parser.js [32m200 [0m2.824 ms - 53142[0m
[0mGET /src/jscex-builderbase.min.js [32m200 [0m3.195 ms - 2048[0m
[0mGET /src/jquery.min.js [32m200 [0m3.119 ms - 93868[0m
[0mGET /src/jscex-async.min.js [32m200 [0m2.457 ms - 4021[0m
[0mGET /src/jscex-async-powerpack.min.js [32m200 [0m2.169 ms - 3750[0m
[0mGET /src/functions.js [32m200 [0m2.287 ms - 1714[0m
[0mGET /src/love.js [32m200 [0m3.591 ms - 17064[0m
[0mGET /src/Love.mp3 [32m206 [0m2.311 ms - 2[0m
[0mGET /src/Love.mp3 [32m206 [0m1.749 ms - 3815176[0m
[0mGET /src/Love.mp3 [32m206 [0m2.073 ms - 3590790[0m
================start on port 3001==================
[0mGET / [32m200 [0m9.721 ms - 8370[0m
[0mGET /src/default.css [32m200 [0m6.319 ms - 767[0m
[0mGET /src/jscex.min.js [32m200 [0m7.676 ms - 880[0m
[0mGET /src/jscex-parser.js [32m200 [0m8.010 ms - 53142[0m
[0mGET /src/jquery.min.js [32m200 [0m7.523 ms - 93868[0m
[0mGET /src/jscex-builderbase.min.js [32m200 [0m1.383 ms - 2048[0m
[0mGET /src/jscex-jit.js [32m200 [0m1.349 ms - 50237[0m
[0mGET /src/jscex-async.min.js [32m200 [0m0.308 ms - 4021[0m
[0mGET /src/jscex-async-powerpack.min.js [32m200 [0m0.549 ms - 3750[0m
[0mGET /src/functions.js [32m200 [0m0.554 ms - 1714[0m
[0mGET /src/love.js [32m200 [0m0.496 ms - 17064[0m
[0mGET /src/Love.mp3 [36m304 [0m1.388 ms - -[0m
[0mGET /src/Love.mp3 [32m206 [0m1.357 ms - 3570798[0m
[0mGET /favicon.ico [32m200 [0m1.044 ms - -[0m
[0mGET / [36m304 [0m2.013 ms - -[0m
[0mGET /src/default.css [36m304 [0m2.176 ms - -[0m
[0mGET /src/jquery.min.js [36m304 [0m0.281 ms - -[0m
[0mGET /src/jscex-parser.js [36m304 [0m1.188 ms - -[0m
[0mGET /src/jscex.min.js [36m304 [0m0.541 ms - -[0m
[0mGET /src/jscex-jit.js [36m304 [0m0.520 ms - -[0m
[0mGET /src/jscex-builderbase.min.js [36m304 [0m0.710 ms - -[0m
[0mGET /src/jscex-async.min.js [36m304 [0m0.606 ms - -[0m
[0mGET /src/functions.js [36m304 [0m0.732 ms - -[0m
[0mGET /src/jscex-async-powerpack.min.js [36m304 [0m1.129 ms - -[0m
[0mGET /src/love.js [36m304 [0m1.214 ms - -[0m
[0mGET /src/Love.mp3 [36m304 [0m0.377 ms - -[0m
[0mGET /src/Love.mp3 [32m206 [0m0.772 ms - 2064093[0m
[0mGET /favicon.ico [32m200 [0m0.455 ms - -[0m
[0mGET / [36m304 [0m1.273 ms - -[0m
[0mGET /src/default.css [36m304 [0m2.432 ms - -[0m
[0mGET /src/jquery.min.js [36m304 [0m3.206 ms - -[0m
[0mGET /src/jscex-jit.js [36m304 [0m4.179 ms - -[0m
[0mGET /src/jscex.min.js [36m304 [0m4.258 ms - -[0m
[0mGET /src/jscex-parser.js [36m304 [0m4.129 ms - -[0m
[0mGET /src/jscex-builderbase.min.js [36m304 [0m1.021 ms - -[0m
[0mGET /src/jscex-async.min.js [36m304 [0m1.788 ms - -[0m
[0mGET /src/jscex-async-powerpack.min.js [36m304 [0m1.933 ms - -[0m
[0mGET /src/functions.js [36m304 [0m1.936 ms - -[0m
[0mGET /src/love.js [36m304 [0m1.498 ms - -[0m
[0mGET /src/Love.mp3 [36m304 [0m0.285 ms - -[0m
[0mGET /src/Love.mp3 [32m206 [0m0.921 ms - 1888341[0m
[0mGET /favicon.ico [32m200 [0m0.463 ms - -[0m
[0mGET / [36m304 [0m1.902 ms - -[0m
[0mGET /src/default.css [36m304 [0m0.818 ms - -[0m
[0mGET /src/jquery.min.js [36m304 [0m1.458 ms - -[0m
[0mGET /src/jscex-parser.js [36m304 [0m1.126 ms - -[0m
[0mGET /src/jscex.min.js [36m304 [0m1.278 ms - -[0m
[0mGET /src/jscex-jit.js [36m304 [0m0.291 ms - -[0m
[0mGET /src/jscex-builderbase.min.js [36m304 [0m1.421 ms - -[0m
[0mGET /src/jscex-async.min.js [36m304 [0m1.522 ms - -[0m
[0mGET /src/functions.js [36m304 [0m1.604 ms - -[0m
[0mGET /src/love.js [36m304 [0m1.817 ms - -[0m
[0mGET /src/jscex-async-powerpack.min.js [36m304 [0m2.256 ms - -[0m
[0mGET /src/Love.mp3 [36m304 [0m0.477 ms - -[0m
[0mGET /src/Love.mp3 [32m206 [0m1.486 ms - 1671709[0m
[0mGET /favicon.ico [32m200 [0m0.477 ms - -[0m
[0mGET / [36m304 [0m1.269 ms - -[0m
[0mGET /src/default.css [36m304 [0m0.358 ms - -[0m
[0mGET /src/jquery.min.js [36m304 [0m1.409 ms - -[0m
[0mGET /src/jscex.min.js [36m304 [0m1.437 ms - -[0m
[0mGET /src/jscex-parser.js [36m304 [0m1.507 ms - -[0m
[0mGET /src/jscex-jit.js [36m304 [0m1.555 ms - -[0m
[0mGET /src/jscex-builderbase.min.js [36m304 [0m1.496 ms - -[0m
[0mGET /src/jscex-async.min.js [36m304 [0m0.198 ms - -[0m
[0mGET /src/jscex-async-powerpack.min.js [36m304 [0m0.445 ms - -[0m
[0mGET /src/functions.js [36m304 [0m1.806 ms - -[0m
[0mGET /src/love.js [36m304 [0m1.219 ms - -[0m
[0mGET /src/Love.mp3 [36m304 [0m0.381 ms - -[0m
[0mGET /src/Love.mp3 [32m206 [0m0.731 ms - 1329517[0m
[0mGET /favicon.ico [32m200 [0m0.400 ms - -[0m
[0mGET / [32m200 [0m1.266 ms - 8370[0m
[0mGET /src/default.css [32m200 [0m1.130 ms - 767[0m
[0mGET /src/jquery.min.js [32m200 [0m1.504 ms - 93868[0m
[0mGET /src/jscex.min.js [32m200 [0m0.900 ms - 880[0m
[0mGET /src/jscex-parser.js [32m200 [0m1.149 ms - 53142[0m
[0mGET /src/jscex-builderbase.min.js [32m200 [0m2.414 ms - 2048[0m
[0mGET /src/jscex-jit.js [32m200 [0m1.847 ms - 50237[0m
[0mGET /src/jscex-async.min.js [32m200 [0m0.789 ms - 4021[0m
[0mGET /src/jscex-async-powerpack.min.js [32m200 [0m0.526 ms - 3750[0m
[0mGET /src/functions.js [32m200 [0m0.550 ms - 1714[0m
[0mGET /src/love.js [32m200 [0m0.489 ms - 17064[0m
[0mGET /src/Love.mp3 [36m304 [0m0.390 ms - -[0m
[0mGET /favicon.ico [32m200 [0m0.399 ms - -[0m
[0mGET / [36m304 [0m1.398 ms - -[0m
[0mGET /src/default.css [36m304 [0m0.368 ms - -[0m
[0mGET /src/jquery.min.js [36m304 [0m1.270 ms - -[0m
[0mGET /src/jscex.min.js [36m304 [0m0.756 ms - -[0m
[0mGET /src/jscex-jit.js [36m304 [0m0.833 ms - -[0m
[0mGET /src/jscex-builderbase.min.js [36m304 [0m0.916 ms - -[0m
[0mGET /src/jscex-parser.js [36m304 [0m0.203 ms - -[0m
[0mGET /src/jscex-async.min.js [36m304 [0m0.223 ms - -[0m
[0mGET /src/jscex-async-powerpack.min.js [36m304 [0m0.199 ms - -[0m
[0mGET /src/functions.js [36m304 [0m0.248 ms - -[0m
[0mGET /src/love.js [36m304 [0m0.221 ms - -[0m
[0mGET /src/Love.mp3 [36m304 [0m0.384 ms - -[0m
[0mGET /favicon.ico [32m200 [0m0.405 ms - -[0m
[0mGET / [32m200 [0m1.274 ms - 8370[0m
[0mOPTIONS / [32m200 [0m0.902 ms - 8[0m
[0mGET /nice%20ports%2C/Tri%6Eity.txt%2ebak [32m200 [0m0.714 ms - -[0m
[0mGET / [32m200 [0m1.212 ms - 8370[0m
[0mGET /src/default.css [32m200 [0m0.611 ms - 767[0m
[0mGET /src/jquery.min.js [32m200 [0m0.632 ms - 93868[0m
[0mGET /src/jscex.min.js [32m200 [0m0.839 ms - 880[0m
[0mGET /src/jscex-parser.js [32m200 [0m0.372 ms - 53142[0m
[0mGET /src/jscex-jit.js [32m200 [0m0.381 ms - 50237[0m
[0mGET /src/jscex-builderbase.min.js [32m200 [0m0.320 ms - 2048[0m
[0mGET /src/jscex-async.min.js [32m200 [0m0.391 ms - 4021[0m
[0mGET /src/jscex-async-powerpack.min.js [32m200 [0m0.583 ms - 3750[0m
[0mGET /src/functions.js [32m200 [0m0.555 ms - 1714[0m
[0mGET /src/love.js [32m200 [0m0.595 ms - 17064[0m
[0mGET / [36m304 [0m1.883 ms - -[0m
[0mGET /src/default.css [36m304 [0m0.358 ms - -[0m
[0mGET /src/jquery.min.js [36m304 [0m0.354 ms - -[0m
[0mGET / [32m200 [0m1.643 ms - 8370[0m
[0mGET /src/default.css [32m200 [0m0.538 ms - 767[0m
[0mGET /src/jquery.min.js [32m200 [0m0.601 ms - 93868[0m
[0mGET /src/jscex.min.js [32m200 [0m1.521 ms - 880[0m
[0mGET /src/jscex-parser.js [32m200 [0m0.602 ms - 53142[0m
[0mGET /src/jscex-jit.js [32m200 [0m0.604 ms - 50237[0m
[0mGET /src/jscex-builderbase.min.js [32m200 [0m0.612 ms - 2048[0m
[0mGET /src/jscex-async.min.js [32m200 [0m0.451 ms - 4021[0m
[0mGET /src/jscex-async-powerpack.min.js [32m200 [0m0.535 ms - 3750[0m
[0mGET /src/love.js [32m200 [0m0.565 ms - 17064[0m
[0mGET /src/functions.js [32m200 [0m0.303 ms - 1714[0m
[0mGET / [36m304 [0m1.510 ms - -[0m
[0mGET /src/default.css [36m304 [0m0.388 ms - -[0m
[0mGET /src/jquery.min.js [36m304 [0m0.374 ms - -[0m
[0mGET /src/jscex.min.js [36m304 [0m0.790 ms - -[0m
[0mGET /src/jscex-parser.js [36m304 [0m0.353 ms - -[0m
[0mGET /src/jscex-jit.js [36m304 [0m0.341 ms - -[0m
[0mGET /src/jscex-builderbase.min.js [36m304 [0m0.394 ms - -[0m
[0mGET /src/jscex-async.min.js [36m304 [0m1.980 ms - -[0m
[0mGET /src/jscex-async-powerpack.min.js [36m304 [0m1.433 ms - -[0m
[0mGET /src/functions.js [36m304 [0m0.531 ms - -[0m
[0mGET /src/love.js [36m304 [0m0.352 ms - -[0m
[0mGET / [32m200 [0m1.257 ms - 8370[0m
[0mGET / [32m200 [0m1.360 ms - 8370[0m
[0mGET /src/jquery.min.js [32m200 [0m0.651 ms - 93868[0m
[0mGET /src/default.css [32m200 [0m0.911 ms - 767[0m
[0mGET /src/jscex.min.js [32m200 [0m1.943 ms - 880[0m
[0mGET /src/jscex-async-powerpack.min.js [32m200 [0m1.840 ms - 3750[0m
[0mGET /src/jscex-builderbase.min.js [32m200 [0m2.028 ms - 2048[0m
[0mGET /src/jscex-async.min.js [32m200 [0m2.142 ms - 4021[0m
[0mGET /src/jscex-parser.js [32m200 [0m2.280 ms - 53142[0m
[0mGET /src/jscex-jit.js [32m200 [0m2.098 ms - 50237[0m
[0mGET /src/functions.js [32m200 [0m1.131 ms - 1714[0m
[0mGET /src/love.js [32m200 [0m1.181 ms - 17064[0m
[0mGET /src/Love.mp3 [32m206 [0m0.688 ms - 3815176[0m
[0mGET /favicon.ico [32m200 [0m0.418 ms - -[0m
[0mGET / [36m304 [0m1.261 ms - -[0m
[0mGET /src/jscex-builderbase.min.js [36m304 [0m0.743 ms - -[0m
[0mGET /src/jquery.min.js [36m304 [0m1.107 ms - -[0m
[0mGET /src/jscex.min.js [36m304 [0m0.748 ms - -[0m
[0mGET /src/default.css [36m304 [0m0.814 ms - -[0m
[0mGET /src/jscex-parser.js [36m304 [0m2.019 ms - -[0m
[0mGET /src/jscex-jit.js [36m304 [0m0.273 ms - -[0m
[0mGET /src/jscex-async.min.js [36m304 [0m0.856 ms - -[0m
[0mGET /src/jscex-async-powerpack.min.js [36m304 [0m0.646 ms - -[0m
[0mGET /src/functions.js [36m304 [0m0.754 ms - -[0m
[0mGET /src/love.js [36m304 [0m0.209 ms - -[0m
[0mGET /src/Love.mp3 [36m304 [0m0.387 ms - -[0m
[0mGET /src/Love.mp3 [32m206 [0m0.712 ms - 2792618[0m
[0mGET /favicon.ico [32m200 [0m0.567 ms - -[0m
[0mGET / [32m200 [0m1.446 ms - 8370[0m
[0mOPTIONS / [32m200 [0m0.383 ms - 8[0m
[0mGET /nice%20ports%2C/Tri%6Eity.txt%2ebak [32m200 [0m0.427 ms - -[0m
[0mGET /robots.txt [32m200 [0m0.420 ms - -[0m
[0mGET /system/images/tab_17.gif [32m200 [0m0.433 ms - -[0m
[0mGET /admin/images/tab_17.gif [32m200 [0m0.395 ms - -[0m
[0mGET /admin/images/top_tt_bg.gif [32m200 [0m0.417 ms - -[0m
[0mGET /m/_/images/fileicon/jpg.png [32m200 [0m0.396 ms - -[0m
[0mGET /inc_img/vote/vote2_1.gif [32m200 [0m0.385 ms - -[0m
[0mGET /admin/images/login/login_submit.gif [32m200 [0m0.631 ms - -[0m
[0mGET /images/webZx_bg.jpg [32m200 [0m0.397 ms - -[0m
[0mGET /skins/images/ico_catalogue.png [32m200 [0m0.407 ms - -[0m
[0mGET /console/images/bg11.jpg [32m200 [0m0.474 ms - -[0m
[0mGET /console/images/login.gif [32m200 [0m0.397 ms - -[0m
[0mGET /images-global/zoom/zoom-caption-fill.png [32m200 [0m0.422 ms - -[0m
[0mGET /statics/blueth.gif [32m200 [0m0.394 ms - -[0m
[0mGET /statics/arrowleft-orange.gif [32m200 [0m0.426 ms - -[0m
[0mGET /favicon.ico [32m200 [0m0.384 ms - -[0m
[0mGET /admin/images/netgather_com.gif [32m200 [0m0.436 ms - -[0m
[0mGET /cn/images/banner_page_bg.gif [32m200 [0m0.407 ms - -[0m
[0mGET /themes/forum/default/images/forum/lock.gif [32m200 [0m0.412 ms - -[0m
[0mGET /themes/space/default/images/fans_follow.png [32m200 [0m0.440 ms - -[0m
[0mGET /themes/site/default/images/logo.png [32m200 [0m0.431 ms - -[0m
[0mGET /favicon.ico [32m200 [0m0.415 ms - -[0m
[0mGET /js/pw_ajax.js [32m200 [0m0.414 ms - -[0m
[0mGET /licence.txt [32m200 [0m0.414 ms - -[0m
[0mGET /include/image/dui_r.gif [32m200 [0m0.408 ms - -[0m
[0mGET /template/default/index/images/anvico.png [32m200 [0m0.433 ms - -[0m
[0mGET /skin/default/image/add_job.gif [32m200 [0m0.402 ms - -[0m
[0mGET /inc/images/captcha_bg.jpg [32m200 [0m0.425 ms - -[0m
[0mGET /inc/templates/manage/images/cross_grey_small.png [32m200 [0m0.420 ms - -[0m
[0mGET /views/images/admin/closex.gif [32m200 [0m0.416 ms - -[0m
[0mGET /template/default/images/gbook_btn_bg.gif [32m200 [0m0.389 ms - -[0m
[0mGET /admin/views/images/admindex_itembg.gif [32m200 [0m0.396 ms - -[0m
[0mGET /content/templates/default/images/bg_cal_today.gif [32m200 [0m1.327 ms - -[0m
[0mGET /admin/templates/met/images/logosmall.gif [32m200 [0m0.410 ms - -[0m
[0mGET /favicon.ico [32m200 [0m0.406 ms - -[0m
[0mGET /job/templates/met/css/style.css [32m200 [0m0.414 ms - -[0m
[0mGET /wap/templates/met/images/listico.gif [32m200 [0m0.428 ms - -[0m
[0mGET /images/receipt/dly_yto.jpg [32m200 [0m0.393 ms - -[0m
[0mGET /images/wap_logo.png [32m200 [0m0.386 ms - -[0m
[0mGET /admin/ecshopfiles.md5 [32m200 [0m0.566 ms - -[0m
[0mGET /admin/help/zh_cn/database.xml [32m200 [0m0.620 ms - -[0m
[0mGET /favicon.ico [32m200 [0m0.572 ms - -[0m
[0mGET /Images/estar.gif [32m200 [0m0.409 ms - -[0m
[0mGET /Template/Default/Layout/1s2s2/ico.gif [32m200 [0m0.566 ms - -[0m
[0mGET /t3/style/css/common/card.css [32m200 [0m0.424 ms - -[0m
[0mGET /images/admina/logo.png [32m200 [0m0.422 ms - -[0m
[0mGET /images/admina/sitmap0.png [32m200 [0m0.386 ms - -[0m
[0mGET /e/tool/feedback/temp/test.txt [32m200 [0m0.404 ms - -[0m
[0mGET /e/data/ecmseditor/images/blank.html [32m200 [0m0.395 ms - -[0m
[0mGET /robots.txt [32m200 [0m0.399 ms - -[0m
[0mGET /robots.txt [32m200 [0m1.173 ms - -[0m
[0mGET /siteserver/pic/company/logo.gif [32m200 [0m0.395 ms - -[0m
[0mGET /system/blue_point.png [32m200 [0m0.456 ms - -[0m
[0mGET /admin/Tpl/default/Common/images/blank.gif [32m200 [0m0.399 ms - -[0m
[0mGET /statics/images/applst_lbg.jpg [32m200 [0m0.395 ms - -[0m
[0mGET /statics/images/icon/error.png [32m200 [0m0.550 ms - -[0m
[0mGET /robots.txt [32m200 [0m0.417 ms - -[0m
[0mGET /favicon.ico [32m200 [0m0.381 ms - -[0m
[0mGET /script/valid_formdata.js [32m200 [0m0.391 ms - -[0m
[0mGET /images/ad_location_middle_center1.jpg [32m200 [0m0.412 ms - -[0m
[0mGET /theme/t1/themebg_preview.jpg [32m200 [0m0.401 ms - -[0m
[0mGET /images/table_bg.jpg [32m200 [0m0.557 ms - -[0m
[0mGET /images/ext/midi.gif [32m200 [0m0.562 ms - -[0m
[0mGET /data/setmealimg/3.gif [32m200 [0m0.402 ms - -[0m
[0mGET /admin/images/admin_submit.jpg [32m200 [0m0.394 ms - -[0m
[0mGET /include/payment/logo/remittance.gif [32m200 [0m0.392 ms - -[0m
[0mGET /views/default/skin/blue/images/front/buying.gif [32m200 [0m0.393 ms - -[0m
[0mGET /install/images/guide_1.gif [32m200 [0m0.421 ms - -[0m
[0mGET /upload/2011/11/30/20111130113535527.jpg [32m200 [0m0.405 ms - -[0m
[0mGET /plus/weather/icon/a_12.gif [32m200 [0m0.418 ms - -[0m
[0mGET /question/images/face/images/ico_face_arrow.gif [32m200 [0m0.436 ms - -[0m
[0mGET /wp-includes/images/icon-pointer-flag.png [32m200 [0m0.422 ms - -[0m
[0mGET /wp-admin/images/yes.png [32m200 [0m0.413 ms - -[0m
[0mGET /wp-includes/js/swfobject.js [32m200 [0m0.414 ms - -[0m
[0mGET /base/admin/images/linksup.gif [32m200 [0m0.440 ms - -[0m
[0mGET /base/templates/images/2.png [32m200 [0m0.403 ms - -[0m
[0mGET /zb_users/AVATAR/0.png [32m200 [0m0.415 ms - -[0m
[0mGET /zb_users/avatar/0.png [32m200 [0m0.387 ms - -[0m
[0mGET /admin/skins/images/ads_set3.gif [32m200 [0m0.397 ms - -[0m
[0mGET /images/forum_readme.gif [32m200 [0m0.400 ms - -[0m
[0mGET /img/images/commentLoad.gif [32m200 [0m0.390 ms - -[0m
[0mGET /install/images/bg-cmstop.jpg [32m200 [0m0.402 ms - -[0m
[0mGET /admin/images/loadingAnimation.gif [32m200 [0m0.398 ms - -[0m
[0mGET /data/adtool/theme/d2.jpg [32m200 [0m0.452 ms - -[0m
[0mGET /images/wp-background-preview-bg.gif [32m200 [0m0.778 ms - -[0m
[0mGET /install/images/r.gif [32m200 [0m0.402 ms - -[0m
[0mGET /images/sampledata/fruitshop/fruits.gif [32m200 [0m0.398 ms - -[0m
[0mGET /images/banners/shop-ad-books.jpg [32m200 [0m0.482 ms - -[0m
[0mGET /components/com_mailto/views/sent/metadata.xml [32m200 [0m0.418 ms - -[0m
[0mGET /Images/arrow_04.gif [32m200 [0m0.379 ms - -[0m
[0mGET /Images/bg_bodyer_page.gif [32m200 [0m0.398 ms - -[0m
[0mGET /Admin/Images/southidc.css [32m200 [0m0.427 ms - -[0m
[0mGET /Inc/NoSqlHack.Asp [32m200 [0m0.422 ms - -[0m
[0mGET /Script/Html.js [32m200 [0m0.405 ms - -[0m
[0mGET /e/install/images/bg_1.gif [32m200 [0m0.412 ms - -[0m
[0mGET /e/install/images/logo.gif [32m200 [0m0.555 ms - -[0m
[0mGET /e/js/lang/zh-cn.js [32m200 [0m0.408 ms - -[0m
[0mGET /e/js/zh-cn/lang.js [32m200 [0m0.427 ms - -[0m
[0mGET /e/master/images/login_r1_c1.jpg [32m200 [0m0.444 ms - -[0m
[0mGET /admin/Images/del.gif [32m200 [0m0.405 ms - -[0m
[0mGET /Admin/Include/version.xml [32m200 [0m0.401 ms - -[0m
[0mGET /KS_Inc/ajax.js [32m200 [0m0.433 ms - -[0m
[0mGET /KS_Inc/common.js [32m200 [0m0.410 ms - -[0m
[0mGET /template/skin6/cn/images/ico_zlxz.gif [32m200 [0m0.834 ms - -[0m
[0mGET /inc/image/bj.gif [32m200 [0m0.495 ms - -[0m
[0mGET /install/style.css [32m200 [0m1.585 ms - -[0m
[0mGET /admin/images/arrow_right_8x8.png [32m200 [0m0.394 ms - -[0m
[0mGET /image/admin/add.gif [32m200 [0m0.387 ms - -[0m
[0mGET /image/cflag/ad.gif [32m200 [0m0.379 ms - -[0m
[0mGET /Admin/images/houtaijs_16.jpg [32m200 [0m0.399 ms - -[0m
[0mGET /Templates/master/default/images/ddwc_06.gif [32m200 [0m0.410 ms - -[0m
[0mGET /Admin/images/install_logo.jpg [32m200 [0m0.431 ms - -[0m
[0mGET /system/phpqrcode/cache/frame_6.png [32m200 [0m0.416 ms - -[0m
[0mGET /public/attachment/201011/4cdde85a27105.gif [32m200 [0m0.400 ms - -[0m
[0mGET /product/waterimage/200x200.png [32m200 [0m0.542 ms - -[0m
[0mGET /install/images/header-corners.png [32m200 [0m0.392 ms - -[0m
[0mGET /images/gif_47_106.gif [32m200 [0m0.479 ms - -[0m
[0mGET /zb_users/plugin/UEditor/themes/default/images/highlighted.gif [32m200 [0m0.423 ms - -[0m
[0mGET /media/xmlconnect/system/ok.gif [32m200 [0m0.424 ms - -[0m
[0mGET /LICENSE.txt [32m200 [0m0.733 ms - -[0m
[0mGET /skin/frontend/base/default/favicon.ico [32m200 [0m0.459 ms - -[0m
[0mGET /static/ayacms.gif [32m200 [0m0.405 ms - -[0m
[0mGET /static/none.gif [32m200 [0m0.384 ms - -[0m
[0mGET /bbs/css/images/announ.gif [32m200 [0m1.539 ms - -[0m
[0mGET /bbs/css/images/avatar.gif [32m200 [0m0.381 ms - -[0m
[0mGET /celive/admin/live/loading.gif [32m200 [0m0.411 ms - -[0m
[0mGET /celive/js/images/btn.gif [32m200 [0m0.408 ms - -[0m
[0mGET /celive/templates/default/images/admin/yes.gif [32m200 [0m0.584 ms - -[0m
[0mGET /zb_users/PLUGIN/Gravatar/Logo.png [32m200 [0m0.385 ms - -[0m
[0mGET /images/qq/qqkf2/Kf_bg03_03.gif [32m200 [0m0.412 ms - -[0m
[0mGET /js/close.gif [32m200 [0m0.407 ms - -[0m
[0mGET /dayrui/statics/default/images/sd02.png [32m200 [0m0.394 ms - -[0m
[0mGET /dayrui/statics/default/images/shop/login.gif [32m200 [0m0.389 ms - -[0m
[0mGET /dayrui/statics/default/images/touming.png [32m200 [0m0.552 ms - -[0m
[0mGET /extensions/calendar/img/nav-left.gif [32m200 [0m0.413 ms - -[0m
[0mGET /extensions/kindeditor/plugins/emoticons/images/118.gif [32m200 [0m0.396 ms - -[0m
[0mGET /style/default/hdwiki.css [32m200 [0m0.409 ms - -[0m
[0mGET /style/default/fujian_top_bg.jpg [32m200 [0m0.382 ms - -[0m
[0mGET /style/default/index_login_bg.jpg [32m200 [0m0.453 ms - -[0m
[0mGET /style/default/style/bg_title.jpg [32m200 [0m1.917 ms - -[0m
[0mGET /style/default/login_bg.jpg [32m200 [0m0.423 ms - -[0m
[0mGET /CN/nite/images/title.gif [32m200 [0m0.410 ms - -[0m
[0mGET /Images/dialog_closebtn_over.gif [32m200 [0m0.531 ms - -[0m
[0mGET /App_Themes/AdminDefaultTheme/DateTheme/bgteuw.jpg [32m200 [0m0.432 ms - -[0m
[0mGET /Images/Microblog/dialog_rt.gif [32m200 [0m0.409 ms - -[0m
[0mGET /admin/Images/Login_tit.gif [32m200 [0m0.391 ms - -[0m
[0mGET /admin/Images/Sort_Folder_Close.gif [32m200 [0m0.392 ms - -[0m
[0mGET /admin/Limages/left-corners.png [32m200 [0m0.399 ms - -[0m
[0mGET /admin/images/li_4.gif [32m200 [0m0.423 ms - -[0m
[0mGET /images/default/listico.gif [32m200 [0m0.409 ms - -[0m
[0mGET /images/default/images/button_plain_hover.png [32m200 [0m0.418 ms - -[0m
[0mGET /admin/tpl/images/welcome_h1.gif [32m200 [0m0.389 ms - -[0m
[0mGET /admin/images/bg-pay-return-success.gif [32m200 [0m0.420 ms - -[0m
[0mGET /template/default/images/ad_scroll_forward.png [32m200 [0m0.393 ms - -[0m
[0mGET /adfile/ad9.js [32m200 [0m0.467 ms - -[0m
[0mGET /admin/images/login_06.jpg [32m200 [0m0.423 ms - -[0m
[0mGET /robots.txt [32m200 [0m0.680 ms - -[0m
[0mGET /images/common/online_member.gif [32m200 [0m0.440 ms - -[0m
[0mGET /images/default/reply.gif [32m200 [0m0.421 ms - -[0m
[0mGET /static/image/admincp/ajax_loader.gif [32m200 [0m0.429 ms - -[0m
[0mGET /templates/uchome/images/title.gif [32m200 [0m0.429 ms - -[0m
[0mGET /extmail/default/images/lastpg.d.gif [32m200 [0m0.420 ms - -[0m
[0mGET /adminsoft/templates/images/login_line.png [32m200 [0m0.416 ms - -[0m
[0mGET /adminsoft/templates/images/login_title.png [32m200 [0m0.420 ms - -[0m
[0mGET /public/plug/im/im_bg.png [32m200 [0m0.451 ms - -[0m
[0mGET /images/admin/logo.gif [32m200 [0m1.764 ms - -[0m
[0mGET /images/admin/sprites.png [32m200 [0m0.396 ms - -[0m
[0mGET /ACT_inc/ItemBg.gif [32m200 [0m0.388 ms - -[0m
[0mGET /ACT_inc/share/minusbottom.gif [32m200 [0m0.406 ms - -[0m
[0mGET /Admin/Images/bg_admin.jpg [32m200 [0m0.401 ms - -[0m
[0mGET /images/act_1.gif [32m200 [0m0.390 ms - -[0m
[0mGET /images/reg.gif [32m200 [0m0.437 ms - -[0m
[0mGET / [32m200 [0m1.318 ms - 8370[0m
[0mOPTIONS / [32m200 [0m0.275 ms - 8[0m
[0mGET /nice%20ports%2C/Tri%6Eity.txt%2ebak [32m200 [0m0.483 ms - -[0m
[0mGET / [32m200 [0m1.216 ms - 8370[0m
[0mOPTIONS / [32m200 [0m0.233 ms - 8[0m
[0mGET /nice%20ports%2C/Tri%6Eity.txt%2ebak [32m200 [0m0.420 ms - -[0m
[0mGET / [32m200 [0m1.245 ms - 8370[0m
[0mGET / [32m200 [0m1.176 ms - 8370[0m
[0mOPTIONS / [32m200 [0m0.227 ms - 8[0m
[0mGET /nice%20ports%2C/Tri%6Eity.txt%2ebak [32m200 [0m0.391 ms - -[0m
[0mGET /admin/Tpl/default/Common/images/blank.gif [32m200 [0m0.476 ms - -[0m
[0mGET /statics/images/applst_lbg.jpg [32m200 [0m0.393 ms - -[0m
[0mGET /statics/images/icon/error.png [32m200 [0m0.379 ms - -[0m
[0mGET /robots.txt [32m200 [0m0.396 ms - -[0m
[0mGET /favicon.ico [32m200 [0m0.404 ms - -[0m
[0mGET /script/valid_formdata.js [32m200 [0m0.430 ms - -[0m
[0mGET /images/ad_location_middle_center1.jpg [32m200 [0m0.388 ms - -[0m
[0mGET /theme/t1/themebg_preview.jpg [32m200 [0m0.388 ms - -[0m
[0mGET /images/table_bg.jpg [32m200 [0m0.386 ms - -[0m
[0mGET /images/ext/midi.gif [32m200 [0m0.383 ms - -[0m
[0mGET /data/setmealimg/3.gif [32m200 [0m0.422 ms - -[0m
[0mGET /admin/images/admin_submit.jpg [32m200 [0m0.412 ms - -[0m
[0mGET /include/payment/logo/remittance.gif [32m200 [0m0.407 ms - -[0m
[0mGET /views/default/skin/blue/images/front/buying.gif [32m200 [0m0.403 ms - -[0m
[0mGET /install/images/guide_1.gif [32m200 [0m0.559 ms - -[0m
[0mGET /upload/2011/11/30/20111130113535527.jpg [32m200 [0m0.408 ms - -[0m
[0mGET /plus/weather/icon/a_12.gif [32m200 [0m0.391 ms - -[0m
[0mGET /question/images/face/images/ico_face_arrow.gif [32m200 [0m0.427 ms - -[0m
[0mGET /wp-includes/images/icon-pointer-flag.png [32m200 [0m0.397 ms - -[0m
[0mGET /wp-admin/images/yes.png [32m200 [0m0.395 ms - -[0m
[0mGET /wp-includes/js/swfobject.js [32m200 [0m0.665 ms - -[0m
[0mGET /base/admin/images/linksup.gif [32m200 [0m0.396 ms - -[0m
[0mGET /base/templates/images/2.png [32m200 [0m0.387 ms - -[0m
[0mGET /zb_users/AVATAR/0.png [32m200 [0m0.404 ms - -[0m
[0mGET /zb_users/avatar/0.png [32m200 [0m0.380 ms - -[0m
[0mGET /admin/skins/images/ads_set3.gif [32m200 [0m0.382 ms - -[0m
[0mGET /images/forum_readme.gif [32m200 [0m0.408 ms - -[0m
[0mGET /img/images/commentLoad.gif [32m200 [0m0.399 ms - -[0m
[0mGET /install/images/bg-cmstop.jpg [32m200 [0m0.380 ms - -[0m
[0mGET /admin/images/loadingAnimation.gif [32m200 [0m0.422 ms - -[0m
[0mGET /data/adtool/theme/d2.jpg [32m200 [0m0.403 ms - -[0m
[0mGET /images/wp-background-preview-bg.gif [32m200 [0m0.411 ms - -[0m
[0mGET /install/images/r.gif [32m200 [0m0.388 ms - -[0m
[0mGET /images/sampledata/fruitshop/fruits.gif [32m200 [0m0.411 ms - -[0m
[0mGET /images/banners/shop-ad-books.jpg [32m200 [0m0.405 ms - -[0m
[0mGET /components/com_mailto/views/sent/metadata.xml [32m200 [0m0.393 ms - -[0m
[0mGET /Images/arrow_04.gif [32m200 [0m0.383 ms - -[0m
[0mGET /Images/bg_bodyer_page.gif [32m200 [0m0.423 ms - -[0m
[0mGET /Admin/Images/southidc.css [32m200 [0m0.405 ms - -[0m
[0mGET /Inc/NoSqlHack.Asp [32m200 [0m0.402 ms - -[0m
[0mGET /Script/Html.js [32m200 [0m0.406 ms - -[0m
[0mGET /e/install/images/bg_1.gif [32m200 [0m0.409 ms - -[0m
[0mGET /e/install/images/logo.gif [32m200 [0m0.386 ms - -[0m
[0mGET /e/js/lang/zh-cn.js [32m200 [0m0.550 ms - -[0m
[0mGET /e/js/zh-cn/lang.js [32m200 [0m0.407 ms - -[0m
[0mGET /e/master/images/login_r1_c1.jpg [32m200 [0m0.395 ms - -[0m
[0mGET /admin/Images/del.gif [32m200 [0m2.110 ms - -[0m
[0mGET /Admin/Include/version.xml [32m200 [0m0.619 ms - -[0m
[0mGET /KS_Inc/ajax.js [32m200 [0m0.413 ms - -[0m
[0mGET /KS_Inc/common.js [32m200 [0m0.400 ms - -[0m
[0mGET /template/skin6/cn/images/ico_zlxz.gif [32m200 [0m0.434 ms - -[0m
[0mGET /inc/image/bj.gif [32m200 [0m1.780 ms - -[0m
[0mGET /install/style.css [32m200 [0m0.405 ms - -[0m
[0mGET /admin/images/arrow_right_8x8.png [32m200 [0m0.382 ms - -[0m
[0mGET /image/admin/add.gif [32m200 [0m0.378 ms - -[0m
[0mGET /image/cflag/ad.gif [32m200 [0m0.382 ms - -[0m
[0mGET /Admin/images/houtaijs_16.jpg [32m200 [0m0.412 ms - -[0m
[0mGET /Templates/master/default/images/ddwc_06.gif [32m200 [0m0.408 ms - -[0m
[0mGET /Admin/images/install_logo.jpg [32m200 [0m0.399 ms - -[0m
[0mGET /system/phpqrcode/cache/frame_6.png [32m200 [0m0.395 ms - -[0m
[0mGET /public/attachment/201011/4cdde85a27105.gif [32m200 [0m0.400 ms - -[0m
[0mGET /product/waterimage/200x200.png [32m200 [0m0.380 ms - -[0m
[0mGET /install/images/header-corners.png [32m200 [0m0.409 ms - -[0m
[0mGET /images/gif_47_106.gif [32m200 [0m0.449 ms - -[0m
[0mGET /zb_users/plugin/UEditor/themes/default/images/highlighted.gif [32m200 [0m0.484 ms - -[0m
[0mGET /media/xmlconnect/system/ok.gif [32m200 [0m0.415 ms - -[0m
[0mGET /LICENSE.txt [32m200 [0m0.408 ms - -[0m
[0mGET /skin/frontend/base/default/favicon.ico [32m200 [0m0.380 ms - -[0m
[0mGET /static/ayacms.gif [32m200 [0m0.394 ms - -[0m
[0mGET /static/none.gif [32m200 [0m0.398 ms - -[0m
[0mGET /bbs/css/images/announ.gif [32m200 [0m0.684 ms - -[0m
[0mGET /bbs/css/images/avatar.gif [32m200 [0m0.400 ms - -[0m
[0mGET /celive/admin/live/loading.gif [32m200 [0m0.382 ms - -[0m
[0mGET /celive/js/images/btn.gif [32m200 [0m0.422 ms - -[0m
[0mGET /celive/templates/default/images/admin/yes.gif [32m200 [0m0.417 ms - -[0m
[0mGET /zb_users/PLUGIN/Gravatar/Logo.png [32m200 [0m0.406 ms - -[0m
[0mGET /images/qq/qqkf2/Kf_bg03_03.gif [32m200 [0m0.448 ms - -[0m
[0mGET /js/close.gif [32m200 [0m0.368 ms - -[0m
[0mGET /dayrui/statics/default/images/sd02.png [32m200 [0m0.478 ms - -[0m
[0mGET /dayrui/statics/default/images/shop/login.gif [32m200 [0m0.567 ms - -[0m
[0mGET /dayrui/statics/default/images/touming.png [32m200 [0m0.400 ms - -[0m
[0mGET /extensions/calendar/img/nav-left.gif [32m200 [0m0.417 ms - -[0m
[0mGET /extensions/kindeditor/plugins/emoticons/images/118.gif [32m200 [0m0.392 ms - -[0m
[0mGET /style/default/hdwiki.css [32m200 [0m0.363 ms - -[0m
[0mGET /style/default/fujian_top_bg.jpg [32m200 [0m0.444 ms - -[0m
[0mGET /style/default/index_login_bg.jpg [32m200 [0m0.378 ms - -[0m
[0mGET /style/default/style/bg_title.jpg [32m200 [0m0.402 ms - -[0m
[0mGET /style/default/login_bg.jpg [32m200 [0m0.391 ms - -[0m
[0mGET /CN/nite/images/title.gif [32m200 [0m0.414 ms - -[0m
[0mGET /Images/dialog_closebtn_over.gif [32m200 [0m0.392 ms - -[0m
[0mGET /App_Themes/AdminDefaultTheme/DateTheme/bgteuw.jpg [32m200 [0m0.413 ms - -[0m
[0mGET /Images/Microblog/dialog_rt.gif [32m200 [0m0.417 ms - -[0m
[0mGET /admin/Images/Login_tit.gif [32m200 [0m0.449 ms - -[0m
[0mGET /admin/Images/Sort_Folder_Close.gif [32m200 [0m0.408 ms - -[0m
[0mGET /admin/Limages/left-corners.png [32m200 [0m0.422 ms - -[0m
[0mGET /admin/images/li_4.gif [32m200 [0m0.384 ms - -[0m
[0mGET /images/default/listico.gif [32m200 [0m0.441 ms - -[0m
[0mGET /images/default/images/button_plain_hover.png [32m200 [0m0.408 ms - -[0m
[0mGET /admin/tpl/images/welcome_h1.gif [32m200 [0m0.418 ms - -[0m
[0mGET /admin/images/bg-pay-return-success.gif [32m200 [0m0.394 ms - -[0m
[0mGET /adfile/ad9.js [32m200 [0m0.382 ms - -[0m
[0mGET /admin/images/login_06.jpg [32m200 [0m0.398 ms - -[0m
[0mGET /robots.txt [32m200 [0m0.446 ms - -[0m
[0mGET /images/common/online_member.gif [32m200 [0m0.397 ms - -[0m
[0mGET /images/default/reply.gif [32m200 [0m0.417 ms - -[0m
[0mGET /static/image/admincp/ajax_loader.gif [32m200 [0m0.428 ms - -[0m
[0mGET /templates/uchome/images/title.gif [32m200 [0m0.387 ms - -[0m
[0mGET /extmail/default/images/lastpg.d.gif [32m200 [0m0.402 ms - -[0m
[0mGET /adminsoft/templates/images/login_line.png [32m200 [0m0.393 ms - -[0m
[0mGET /adminsoft/templates/images/login_title.png [32m200 [0m0.384 ms - -[0m
[0mGET /public/plug/im/im_bg.png [32m200 [0m0.392 ms - -[0m
[0mGET /images/admin/logo.gif [32m200 [0m0.373 ms - -[0m
[0mGET /images/admin/sprites.png [32m200 [0m0.410 ms - -[0m
[0mGET /ACT_inc/ItemBg.gif [32m200 [0m0.421 ms - -[0m
[0mGET /ACT_inc/share/minusbottom.gif [32m200 [0m0.426 ms - -[0m
[0mGET /Admin/Images/bg_admin.jpg [32m200 [0m0.404 ms - -[0m
[0mGET /images/act_1.gif [32m200 [0m0.410 ms - -[0m
[0mGET /images/reg.gif [32m200 [0m0.372 ms - -[0m
[0mGET / [32m200 [0m1.235 ms - 8370[0m
[0mOPTIONS / [32m200 [0m0.232 ms - 8[0m
[0mGET /nice%20ports%2C/Tri%6Eity.txt%2ebak [32m200 [0m0.415 ms - -[0m
[0mGET / [32m200 [0m1.245 ms - 8370[0m
[0mOPTIONS / [32m200 [0m0.231 ms - 8[0m
[0mGET /nice%20ports%2C/Tri%6Eity.txt%2ebak [32m200 [0m0.416 ms - -[0m
[0mGET / [32m200 [0m1.756 ms - 8370[0m
[0mOPTIONS / [32m200 [0m0.249 ms - 8[0m
[0mGET /nice%20ports%2C/Tri%6Eity.txt%2ebak [32m200 [0m0.446 ms - -[0m
[0mGET / [32m200 [0m1.600 ms - 8370[0m
[0mGET /src/default.css [32m200 [0m1.310 ms - 767[0m
[0mGET /src/jquery.min.js [32m200 [0m1.495 ms - 93868[0m
[0mGET /src/jscex.min.js [32m200 [0m0.524 ms - 880[0m
[0mGET /src/jscex-parser.js [32m200 [0m0.771 ms - 53142[0m
[0mGET /src/jscex-jit.js [32m200 [0m1.682 ms - 50237[0m
[0mGET /src/jscex-builderbase.min.js [32m200 [0m2.107 ms - 2048[0m
[0mGET /src/jscex-async.min.js [32m200 [0m2.324 ms - 4021[0m
[0mGET /src/jscex-async-powerpack.min.js [32m200 [0m0.347 ms - 3750[0m
[0mGET /src/functions.js [32m200 [0m0.856 ms - 1714[0m
[0mGET /src/love.js [32m200 [0m0.929 ms - 17064[0m
[0mGET /src/Love.mp3 [32m206 [0m0.774 ms - 3815176[0m
[0mGET / [32m200 [0m1.253 ms - 8370[0m
[0mOPTIONS / [32m200 [0m0.246 ms - 8[0m
[0mGET /nice%20ports%2C/Tri%6Eity.txt%2ebak [32m200 [0m0.706 ms - -[0m
[0mGET / [32m200 [0m1.223 ms - 8370[0m
[0mGET /src/default.css [32m200 [0m0.951 ms - 767[0m
[0mGET /src/jquery.min.js [32m200 [0m1.192 ms - 93868[0m
[0mGET /src/jscex.min.js [32m200 [0m0.329 ms - 880[0m
[0mGET /src/jscex-parser.js [32m200 [0m0.596 ms - 53142[0m
[0mGET /src/jscex-jit.js [32m200 [0m0.602 ms - 50237[0m
[0mGET /src/jscex-builderbase.min.js [32m200 [0m0.554 ms - 2048[0m
[0mGET /src/functions.js [32m200 [0m1.220 ms - 1714[0m
[0mGET /src/jscex-async-powerpack.min.js [32m200 [0m1.483 ms - 3750[0m
[0mGET /src/jscex-async.min.js [32m200 [0m1.553 ms - 4021[0m
[0mGET /src/love.js [32m200 [0m0.338 ms - 17064[0m
[0mGET /src/Love.mp3 [32m206 [0m0.725 ms - 3815176[0m
[0mGET /favicon.ico [32m200 [0m0.377 ms - -[0m
[0mGET /favicon.ico [32m200 [0m0.379 ms - -[0m
[0mGET / [36m304 [0m1.270 ms - -[0m
[0mGET /src/default.css [36m304 [0m0.509 ms - -[0m
[0mGET /src/jquery.min.js [36m304 [0m0.641 ms - -[0m
[0mGET /src/jscex.min.js [36m304 [0m0.604 ms - -[0m
[0mGET /src/jscex-parser.js [36m304 [0m0.288 ms - -[0m
[0mGET /src/jscex-jit.js [36m304 [0m0.227 ms - -[0m
[0mGET /src/jscex-builderbase.min.js [36m304 [0m1.149 ms - -[0m
[0mGET /src/jscex-async.min.js [36m304 [0m0.225 ms - -[0m
[0mGET /src/jscex-async-powerpack.min.js [36m304 [0m0.402 ms - -[0m
[0mGET /src/functions.js [36m304 [0m0.558 ms - -[0m
[0mGET /src/love.js [36m304 [0m0.553 ms - -[0m
[0mGET /src/Love.mp3 [32m206 [0m0.863 ms - 3815176[0m
[0mGET / [32m200 [0m1.228 ms - 8370[0m
[0mGET /src/default.css [32m200 [0m0.545 ms - 767[0m
[0mGET /src/jscex.min.js [32m200 [0m1.474 ms - 880[0m
[0mGET /src/jscex-parser.js [32m200 [0m2.021 ms - 53142[0m
[0mGET /src/jscex-builderbase.min.js [32m200 [0m0.924 ms - 2048[0m
[0mGET /src/jquery.min.js [32m200 [0m1.433 ms - 93868[0m
[0mGET /src/jscex-jit.js [32m200 [0m1.527 ms - 50237[0m
[0mGET /src/jscex-async.min.js [32m200 [0m0.623 ms - 4021[0m
[0mGET /src/jscex-async-powerpack.min.js [32m200 [0m0.562 ms - 3750[0m
[0mGET /src/functions.js [32m200 [0m1.574 ms - 1714[0m
[0mGET /src/love.js [32m200 [0m0.575 ms - 17064[0m
[0mGET /favicon.ico [32m200 [0m0.437 ms - -[0m
[0mGET /favicon.ico [32m200 [0m0.738 ms - -[0m
[0mGET /src/Love.mp3 [32m206 [0m0.678 ms - 3815176[0m
[0mGET / [36m304 [0m1.484 ms - -[0m
[0mGET /src/default.css [36m304 [0m0.933 ms - -[0m
[0mGET /src/jquery.min.js [36m304 [0m1.093 ms - -[0m
[0mGET /src/jscex.min.js [36m304 [0m0.329 ms - -[0m
[0mGET /src/jscex-parser.js [36m304 [0m18.204 ms - -[0m
[0mGET /src/jscex-jit.js [36m304 [0m2.156 ms - -[0m
[0mGET /src/jscex-builderbase.min.js [36m304 [0m1.804 ms - -[0m
[0mGET /src/jscex-async.min.js [36m304 [0m1.812 ms - -[0m
[0mGET /src/jscex-async-powerpack.min.js [36m304 [0m1.910 ms - -[0m
[0mGET /src/functions.js [36m304 [0m2.110 ms - -[0m
[0mGET /src/love.js [36m304 [0m0.194 ms - -[0m
[0mGET / [32m200 [0m1.407 ms - 8370[0m
[0mGET /src/default.css [32m200 [0m0.715 ms - 767[0m
[0mGET /src/jquery.min.js [32m200 [0m0.468 ms - 93868[0m
[0mGET /src/jscex-builderbase.min.js [32m200 [0m2.813 ms - 2048[0m
[0mGET /src/jscex.min.js [32m200 [0m3.057 ms - 880[0m
[0mGET /src/jscex-parser.js [32m200 [0m2.629 ms - 53142[0m
[0mGET /src/jscex-jit.js [32m200 [0m3.020 ms - 50237[0m
[0mGET /src/jscex-async.min.js [32m200 [0m2.884 ms - 4021[0m
[0mGET /src/jscex-async-powerpack.min.js [32m200 [0m3.028 ms - 3750[0m
[0mGET /src/functions.js [32m200 [0m0.431 ms - 1714[0m
[0mGET /src/love.js [32m200 [0m1.506 ms - 17064[0m
[0mGET /src/Love.mp3 [32m206 [0m0.730 ms - 3815176[0m
[0mGET /favicon.ico [32m200 [0m0.549 ms - -[0m
[0mGET /favicon.ico [32m200 [0m0.442 ms - -[0m
[0mGET / [32m200 [0m1.377 ms - 8370[0m
[0mGET /src/default.css [32m200 [0m0.913 ms - 767[0m
[0mGET /src/jquery.min.js [32m200 [0m1.456 ms - 93868[0m
[0mGET /src/jscex.min.js [32m200 [0m1.502 ms - 880[0m
[0mGET /src/jscex-parser.js [32m200 [0m1.585 ms - 53142[0m
[0mGET /src/jscex-jit.js [32m200 [0m0.507 ms - 50237[0m
[0mGET /src/jscex-builderbase.min.js [32m200 [0m0.529 ms - 2048[0m
[0mGET /src/jscex-async.min.js [32m200 [0m0.709 ms - 4021[0m
[0mGET /src/jscex-async-powerpack.min.js [32m200 [0m0.483 ms - 3750[0m
[0mGET /src/functions.js [32m200 [0m0.543 ms - 1714[0m
[0mGET /src/love.js [32m200 [0m0.571 ms - 17064[0m
[0mGET /src/Love.mp3 [32m206 [0m0.673 ms - 3815176[0m
[0mGET / [32m200 [0m1.235 ms - 8370[0m
[0mGET /src/default.css [32m200 [0m0.993 ms - 767[0m
[0mGET /src/jscex.min.js [32m200 [0m1.428 ms - 880[0m
[0mGET /src/jscex-builderbase.min.js [32m200 [0m1.217 ms - 2048[0m
[0mGET /src/jscex-parser.js [32m200 [0m1.179 ms - 53142[0m
[0mGET /src/jscex-jit.js [32m200 [0m1.341 ms - 50237[0m
[0mGET /src/jquery.min.js [32m200 [0m1.448 ms - 93868[0m
[0mGET /src/jscex-async.min.js [32m200 [0m0.562 ms - 4021[0m
[0mGET /src/jscex-async-powerpack.min.js [32m200 [0m0.504 ms - 3750[0m
[0mGET /src/functions.js [32m200 [0m0.580 ms - 1714[0m
[0mGET /src/love.js [32m200 [0m0.546 ms - 17064[0m
[0mGET /favicon.ico [32m200 [0m0.405 ms - -[0m
[0mGET /favicon.ico [32m200 [0m0.524 ms - -[0m
[0mGET /src/Love.mp3 [32m206 [0m0.889 ms - 3815176[0m
[0mGET / [32m200 [0m1.219 ms - 8370[0m
================start on port 3001==================
